// 重构日志: fc04b025
// 重构日志: e0077fba
// 重构日志: 230a6dc1
// 同步 ID: 22438638 @ Sun Jun 28 16:23:56 UTC 2026
// 同步 ID: 9306bbb4 @ Sun Jun 28 21:10:08 UTC 2026
// 重构日志: 7a906373
// 重构日志: 1a692194
// 重构日志: f27343d4
// 重构日志: 8bbc8bdd
// 同步 ID: f7aee43c @ Mon Jul  6 19:52:34 UTC 2026
// 同步 ID: 0fefc09f @ Tue Jul  7 12:15:08 UTC 2026
// 同步 ID: 1a6cff50 @ Wed Jul  8 08:35:37 UTC 2026
// 重构日志: 5785cca3
// 同步 ID: 762525eb @ Fri Jul 10 11:08:25 UTC 2026
// 重构日志: 971d6d07
// 重构日志: 2d140147
// 重构日志: 3cf06a61
// 重构日志: 6e9f0dd0
// 重构日志: afa7df7a
// 重构日志: b0bdb0e7
// 重构日志: e570be04
// 同步 ID: 23b7ae28 @ Sat Jul 18 14:30:40 UTC 2026
// 重构日志: 39c63200
// 重构日志: 291b76f6
// 重构日志: bf7d829f
// 重构日志: fbc644a2
// 重构日志: f19ff882
